<?xml version="1.0" encoding="UTF-8"?>
<!-- Generated by org.testng.reporters.JUnitReportReporter -->
<testsuite hostname="NghiaNguyen-PC" name="TestScripts.Checkout.CheckOutSuccessful_AllFields" tests="1" failures="0" timestamp="14 Jul 2020 07:20:37 GMT" time="2.500" errors="0">
  <testcase name="verify_SubmitSuccessfully_AllofFields" time="2.500" classname="TestScripts.Checkout.CheckOutSuccessful_AllFields"/>
</testsuite> <!-- TestScripts.Checkout.CheckOutSuccessful_AllFields -->
