<?xml version="1.0" encoding="UTF-8"?>
<!-- Generated by org.testng.reporters.JUnitReportReporter -->
<testsuite hostname="NghiaNguyen-PC" name="TestScripts.HomeTest" tests="1" failures="0" timestamp="14 Jul 2020 07:20:37 GMT" time="0.018" errors="0">
  <testcase name="verify_HomePageTitle" time="0.018" classname="TestScripts.HomeTest"/>
</testsuite> <!-- TestScripts.HomeTest -->
