<?xml version="1.0" encoding="UTF-8"?>
<!-- Generated by org.testng.reporters.JUnitReportReporter -->
<testsuite hostname="NghiaNguyen-PC" name="TestScripts.Checkout.CheckOutSuccessful_OnlyReruiredFields" tests="1" failures="0" timestamp="14 Jul 2020 07:20:37 GMT" time="1.727" errors="0">
  <testcase name="verify_SubmitSuccessfully_AllofFields" time="1.727" classname="TestScripts.Checkout.CheckOutSuccessful_OnlyReruiredFields"/>
</testsuite> <!-- TestScripts.Checkout.CheckOutSuccessful_OnlyReruiredFields -->
